2024-09-25 05:31:16,271 INFO o.a.j.u.JMeterUtils: Setting Locale to en_EN
2024-09-25 05:31:16,287 INFO o.a.j.JMeter: Loading user properties from: user.properties
2024-09-25 05:31:16,287 INFO o.a.j.JMeter: Loading system properties from: system.properties
2024-09-25 05:31:16,292 INFO o.a.j.JMeter: Copyright (c) 1998-2024 The Apache Software Foundation
2024-09-25 05:31:16,292 INFO o.a.j.JMeter: Version 5.6.3
2024-09-25 05:31:16,292 INFO o.a.j.JMeter: java.version=17.0.12
2024-09-25 05:31:16,292 INFO o.a.j.JMeter: java.vm.name=OpenJDK 64-Bit Server VM
2024-09-25 05:31:16,292 INFO o.a.j.JMeter: os.name=Windows 10
2024-09-25 05:31:16,292 INFO o.a.j.JMeter: os.arch=amd64
2024-09-25 05:31:16,292 INFO o.a.j.JMeter: os.version=10.0
2024-09-25 05:31:16,292 INFO o.a.j.JMeter: file.encoding=Cp1252
2024-09-25 05:31:16,292 INFO o.a.j.JMeter: java.awt.headless=null
2024-09-25 05:31:16,292 INFO o.a.j.JMeter: Max memory     =1073741824
2024-09-25 05:31:16,292 INFO o.a.j.JMeter: Available Processors =12
2024-09-25 05:31:16,298 INFO o.a.j.JMeter: Default Locale=English (EN)
2024-09-25 05:31:16,299 INFO o.a.j.JMeter: JMeter  Locale=English (EN)
2024-09-25 05:31:16,299 INFO o.a.j.JMeter: JMeterHome=C:\Tools\jmeter
2024-09-25 05:31:16,299 INFO o.a.j.JMeter: user.dir  =C:\Tools\jmeter\bin
2024-09-25 05:31:16,299 INFO o.a.j.JMeter: PWD       =C:\Tools\jmeter\bin
2024-09-25 05:31:16,300 INFO o.a.j.JMeter: IP: 192.168.1.253 Name: DESKTOP-27N6DI1 FullName: host.docker.internal
2024-09-25 05:31:16,308 INFO o.a.j.JMeter: Loaded icon properties from org/apache/jmeter/images/icon.properties
2024-09-25 05:31:16,419 INFO o.a.j.JMeterGuiLauncher: Setting LAF to: com.github.weisj.darklaf.DarkLaf:com.github.weisj.darklaf.theme.DarculaTheme
2024-09-25 05:31:17,044 INFO o.a.j.r.ClassFinder: Will scan jar C:\Tools\jmeter\lib\ext\jmeter-plugins-casutg-2.10.jar with filter ExtendsClassFilter [parents=[interface org.apache.jmeter.gui.action.Command], inner=false, contains=null, notContains=null]. Consider exposing JMeter plugins via META-INF/services, and add JMeter-Skip-Class-Scanning=true manifest attribute so JMeter can skip classfile scanning
2024-09-25 05:31:17,054 INFO o.a.j.r.ClassFinder: Will scan jar C:\Tools\jmeter\lib\ext\ApacheJMeter_plugins-manager.jar with filter ExtendsClassFilter [parents=[interface org.apache.jmeter.gui.action.Command], inner=false, contains=null, notContains=null]. Consider exposing JMeter plugins via META-INF/services, and add JMeter-Skip-Class-Scanning=true manifest attribute so JMeter can skip classfile scanning
2024-09-25 05:31:17,107 INFO o.a.j.r.ClassFinder: Will scan jar C:\Tools\jmeter\lib\ext\jmeter-plugins-graphs-basic-2.0.jar with filter ExtendsClassFilter [parents=[interface org.apache.jmeter.gui.action.Command], inner=false, contains=null, notContains=null]. Consider exposing JMeter plugins via META-INF/services, and add JMeter-Skip-Class-Scanning=true manifest attribute so JMeter can skip classfile scanning
2024-09-25 05:31:17,110 INFO o.a.j.r.ClassFinder: Will scan jar C:\Tools\jmeter\lib\ext\jmeter-plugins-dummy-0.4.jar with filter ExtendsClassFilter [parents=[interface org.apache.jmeter.gui.action.Command], inner=false, contains=null, notContains=null]. Consider exposing JMeter plugins via META-INF/services, and add JMeter-Skip-Class-Scanning=true manifest attribute so JMeter can skip classfile scanning
2024-09-25 05:31:17,149 INFO o.a.j.r.ClassFinder: Will scan jar C:\Tools\jmeter\lib\ext\jmeter-plugins-casutg-2.10.jar with filter ExtendsClassFilter [parents=[interface org.apache.jmeter.gui.plugin.MenuCreator], inner=false, contains=null, notContains=null]. Consider exposing JMeter plugins via META-INF/services, and add JMeter-Skip-Class-Scanning=true manifest attribute so JMeter can skip classfile scanning
2024-09-25 05:31:17,150 INFO o.a.j.r.ClassFinder: Will scan jar C:\Tools\jmeter\lib\ext\ApacheJMeter_plugins-manager.jar with filter ExtendsClassFilter [parents=[interface org.apache.jmeter.gui.plugin.MenuCreator], inner=false, contains=null, notContains=null]. Consider exposing JMeter plugins via META-INF/services, and add JMeter-Skip-Class-Scanning=true manifest attribute so JMeter can skip classfile scanning
2024-09-25 05:31:17,153 INFO o.a.j.r.ClassFinder: Will scan jar C:\Tools\jmeter\lib\ext\jmeter-plugins-graphs-basic-2.0.jar with filter ExtendsClassFilter [parents=[interface org.apache.jmeter.gui.plugin.MenuCreator], inner=false, contains=null, notContains=null]. Consider exposing JMeter plugins via META-INF/services, and add JMeter-Skip-Class-Scanning=true manifest attribute so JMeter can skip classfile scanning
2024-09-25 05:31:17,153 INFO o.a.j.r.ClassFinder: Will scan jar C:\Tools\jmeter\lib\ext\jmeter-plugins-dummy-0.4.jar with filter ExtendsClassFilter [parents=[interface org.apache.jmeter.gui.plugin.MenuCreator], inner=false, contains=null, notContains=null]. Consider exposing JMeter plugins via META-INF/services, and add JMeter-Skip-Class-Scanning=true manifest attribute so JMeter can skip classfile scanning
2024-09-25 05:31:17,240 INFO o.j.r.JARSourceHTTP: Found cached repo
2024-09-25 05:31:17,367 INFO o.j.r.PluginManager: Plugins Status: [jpgc-graphs-basic=2.0, jpgc-casutg=2.10, jpgc-dummy=0.4, jpgc-plugins-manager=manager, jmeter-core=5.6.3, jmeter-ftp=5.6.3, jmeter-http=5.6.3, jmeter-jdbc=5.6.3, jmeter-jms=5.6.3, jmeter-junit=5.6.3, jmeter-java=5.6.3, jmeter-ldap=5.6.3, jmeter-mail=5.6.3, jmeter-mongodb=5.6.3, jmeter-native=5.6.3, jmeter-tcp=5.6.3, jmeter-components=5.6.3]
